0 info it worked if it ends with ok
1 verbose cli [ '/usr/local/bin/node',
1 verbose cli   '/usr/local/bin/npm',
1 verbose cli   'install',
1 verbose cli   '-g',
1 verbose cli   'karma-cli' ]
2 info using npm@1.4.28
3 info using node@v0.10.32
4 verbose cache add [ 'karma-cli', null ]
5 verbose cache add name=undefined spec="karma-cli" args=["karma-cli",null]
6 verbose parsed url { protocol: null,
6 verbose parsed url   slashes: null,
6 verbose parsed url   auth: null,
6 verbose parsed url   host: null,
6 verbose parsed url   port: null,
6 verbose parsed url   hostname: null,
6 verbose parsed url   hash: null,
6 verbose parsed url   search: null,
6 verbose parsed url   query: null,
6 verbose parsed url   pathname: 'karma-cli',
6 verbose parsed url   path: 'karma-cli',
6 verbose parsed url   href: 'karma-cli' }
7 silly lockFile aa100f68-karma-cli karma-cli
8 verbose lock karma-cli /home/ilyakrupnov/.npm/aa100f68-karma-cli.lock
9 silly lockFile aa100f68-karma-cli karma-cli
10 silly lockFile aa100f68-karma-cli karma-cli
11 verbose addNamed [ 'karma-cli', '' ]
12 verbose addNamed [ null, '*' ]
13 silly lockFile 8f6f2c72-karma-cli karma-cli@
14 verbose lock karma-cli@ /home/ilyakrupnov/.npm/8f6f2c72-karma-cli.lock
15 silly addNameRange { name: 'karma-cli', range: '*', hasData: false }
16 verbose request where is /karma-cli
17 verbose request registry https://registry.npmjs.org/
18 verbose request id dcb2ed07327e6d07
19 verbose url raw /karma-cli
20 verbose url resolving [ 'https://registry.npmjs.org/', './karma-cli' ]
21 verbose url resolved https://registry.npmjs.org/karma-cli
22 verbose request where is https://registry.npmjs.org/karma-cli
23 info trying registry request attempt 1 at 17:26:30
24 verbose etag "701QC20YDESIHQ9NK6MS7L1CC"
25 http GET https://registry.npmjs.org/karma-cli
26 http 200 https://registry.npmjs.org/karma-cli
27 silly registry.get cb [ 200,
27 silly registry.get   { server: 'CouchDB/1.5.0 (Erlang OTP/R16B03)',
27 silly registry.get     etag: '"2MUL3QTCNLCIC861L5ENX5IQI"',
27 silly registry.get     'content-type': 'application/json',
27 silly registry.get     'cache-control': 'max-age=60',
27 silly registry.get     'content-length': '5965',
27 silly registry.get     'accept-ranges': 'bytes',
27 silly registry.get     date: 'Fri, 05 Jun 2015 14:26:31 GMT',
27 silly registry.get     via: '1.1 varnish',
27 silly registry.get     age: '0',
27 silly registry.get     connection: 'keep-alive',
27 silly registry.get     'x-served-by': 'cache-fra1236-FRA',
27 silly registry.get     'x-cache': 'HIT',
27 silly registry.get     'x-cache-hits': '1',
27 silly registry.get     'x-timer': 'S1433514391.150931,VS0,VE105',
27 silly registry.get     vary: 'Accept' } ]
28 silly addNameRange number 2 { name: 'karma-cli', range: '*', hasData: true }
29 silly addNameRange versions [ 'karma-cli', [ '0.0.1', '0.0.2', '0.0.3', '0.0.4' ] ]
30 verbose addNamed [ 'karma-cli', '0.0.4' ]
31 verbose addNamed [ '0.0.4', '0.0.4' ]
32 silly lockFile 0ef08b95-karma-cli-0-0-4 karma-cli@0.0.4
33 verbose lock karma-cli@0.0.4 /home/ilyakrupnov/.npm/0ef08b95-karma-cli-0-0-4.lock
34 silly lockFile 0ef08b95-karma-cli-0-0-4 karma-cli@0.0.4
35 silly lockFile 0ef08b95-karma-cli-0-0-4 karma-cli@0.0.4
36 silly lockFile 8f6f2c72-karma-cli karma-cli@
37 silly lockFile 8f6f2c72-karma-cli karma-cli@
38 silly resolved [ { name: 'karma-cli',
38 silly resolved     description: 'The Karma command line interface.',
38 silly resolved     homepage: 'http://karma-runner.github.io/',
38 silly resolved     repository:
38 silly resolved      { type: 'git',
38 silly resolved        url: 'git://github.com/karma-runner/karma-cli.git' },
38 silly resolved     bugs: { url: 'https://github.com/karma-runner/karma-cli/issues' },
38 silly resolved     keywords:
38 silly resolved      [ 'karma',
38 silly resolved        'spectacular',
38 silly resolved        'runner',
38 silly resolved        'karma',
38 silly resolved        'js',
38 silly resolved        'javascript',
38 silly resolved        'testing',
38 silly resolved        'test',
38 silly resolved        'remote',
38 silly resolved        'execution' ],
38 silly resolved     author: { name: 'Vojta Jína', email: 'vojta.jina@gmail.com' },
38 silly resolved     contributors: [ [Object] ],
38 silly resolved     dependencies: { resolve: '~0.5.1' },
38 silly resolved     peerDependencies: {},
38 silly resolved     devDependencies:
38 silly resolved      { grunt: '~0.4.1',
38 silly resolved        'grunt-contrib-jshint': '~0.7.2',
38 silly resolved        'grunt-coffeelint': '0.0.7',
38 silly resolved        'grunt-bump': '0.0.11',
38 silly resolved        'grunt-npm': '0.0.2',
38 silly resolved        'grunt-auto-release': '0.0.4',
38 silly resolved        'grunt-conventional-changelog': '~1.0.0' },
38 silly resolved     preferGlobal: true,
38 silly resolved     bin: { karma: './bin/karma' },
38 silly resolved     engines: { node: '~0.8 || ~0.10' },
38 silly resolved     version: '0.0.4',
38 silly resolved     _id: 'karma-cli@0.0.4',
38 silly resolved     dist:
38 silly resolved      { shasum: '1840a6a2545754bb02100f09229cdd9963a6cf68',
38 silly resolved        tarball: 'http://registry.npmjs.org/karma-cli/-/karma-cli-0.0.4.tgz' },
38 silly resolved     _from: 'karma-cli@',
38 silly resolved     _npmVersion: '1.3.21',
38 silly resolved     _npmUser: { name: 'vojtajina', email: 'vojta.jina@gmail.com' },
38 silly resolved     maintainers: [ [Object] ],
38 silly resolved     directories: {},
38 silly resolved     _shasum: '1840a6a2545754bb02100f09229cdd9963a6cf68',
38 silly resolved     _resolved: 'https://registry.npmjs.org/karma-cli/-/karma-cli-0.0.4.tgz',
38 silly resolved     readme: 'ERROR: No README data found!' } ]
39 info install karma-cli@0.0.4 into /usr/local/lib
40 info installOne karma-cli@0.0.4
41 verbose lib/node_modules/karma-cli unbuild
42 verbose tar unpack /home/ilyakrupnov/.npm/karma-cli/0.0.4/package.tgz
43 silly lockFile f15a2687-local-lib-node-modules-karma-cli tar:///usr/local/lib/node_modules/karma-cli
44 verbose lock tar:///usr/local/lib/node_modules/karma-cli /home/ilyakrupnov/.npm/f15a2687-local-lib-node-modules-karma-cli.lock
45 silly lockFile 8b5ec3bb--npm-karma-cli-0-0-4-package-tgz tar:///home/ilyakrupnov/.npm/karma-cli/0.0.4/package.tgz
46 verbose lock tar:///home/ilyakrupnov/.npm/karma-cli/0.0.4/package.tgz /home/ilyakrupnov/.npm/8b5ec3bb--npm-karma-cli-0-0-4-package-tgz.lock
47 silly gunzTarPerm modes [ '775', '664' ]
48 error Error: EACCES, mkdir '/usr/local/lib/node_modules/karma-cli'
48 error  { [Error: EACCES, mkdir '/usr/local/lib/node_modules/karma-cli']
48 error   errno: 3,
48 error   code: 'EACCES',
48 error   path: '/usr/local/lib/node_modules/karma-cli',
48 error   fstream_type: 'Directory',
48 error   fstream_path: '/usr/local/lib/node_modules/karma-cli',
48 error   fstream_class: 'DirWriter',
48 error   fstream_stack:
48 error    [ '/usr/local/lib/node_modules/npm/node_modules/fstream/lib/dir-writer.js:36:23',
48 error      '/usr/local/lib/node_modules/npm/node_modules/mkdirp/index.js:46:53',
48 error      'Object.oncomplete (fs.js:107:15)' ] }
49 error Please try running this command again as root/Administrator.
50 error System Linux 3.13.0-53-generic
51 error command "/usr/local/bin/node" "/usr/local/bin/npm" "install" "-g" "karma-cli"
52 error cwd /home/ilyakrupnov/WRK/plugins/test-example/FEJStesting
53 error node -v v0.10.32
54 error npm -v 1.4.28
55 error path /usr/local/lib/node_modules/karma-cli
56 error fstream_path /usr/local/lib/node_modules/karma-cli
57 error fstream_type Directory
58 error fstream_class DirWriter
59 error code EACCES
60 error errno 3
61 error stack Error: EACCES, mkdir '/usr/local/lib/node_modules/karma-cli'
62 error fstream_stack /usr/local/lib/node_modules/npm/node_modules/fstream/lib/dir-writer.js:36:23
62 error fstream_stack /usr/local/lib/node_modules/npm/node_modules/mkdirp/index.js:46:53
62 error fstream_stack Object.oncomplete (fs.js:107:15)
63 verbose exit [ 3, true ]
